0 info it worked if it ends with ok
1 verbose cli [ '/usr/bin/nodejs', '/usr/bin/npm', 'run', 'server' ]
2 info using npm@1.4.21
3 info using node@v0.10.25
4 verbose run-script [ 'preserver', 'server', 'postserver' ]
5 info preserver TellTale@0.0.0
6 info server TellTale@0.0.0
7 verbose unsafe-perm in lifecycle true
8 info TellTale@0.0.0 Failed to exec server script
9 error TellTale@0.0.0 server: `nodemon ./server/index.js localhost 3000`
9 error Exit status 8
10 error Failed at the TellTale@0.0.0 server script.
10 error This is most likely a problem with the TellTale package,
10 error not with npm itself.
10 error Tell the author that this fails on your system:
10 error     nodemon ./server/index.js localhost 3000
10 error You can get their info via:
10 error     npm owner ls TellTale
10 error There is likely additional logging output above.
11 error System Linux 4.2.0-27-generic
12 error command "/usr/bin/nodejs" "/usr/bin/npm" "run" "server"
13 error cwd /home/andi/Documents/bootcamp/personalprojects/TellTale
14 error node -v v0.10.25
15 error npm -v 1.4.21
16 error code ELIFECYCLE
17 verbose exit [ 1, true ]
